 TOPAZ SOFTWARE: TOPOGRAPHIC PARAMETERIZATION SOFTWARE SYSTEM
 PROGRAM PARAM:  SUBCATCHMENT PARAMETERIZATION
                 VERSION 3.10, APRIL 1999
 
 J. GARBRECHT, USDA-ARS, EL RENO, OKLAHOMA, USA.
 L. MARTZ, UNIVERSITY OF SASKATCHEWAN, SASKATOON, CANADA.
 J. CAMPBELL, USDA-ARS, EL RENO, OKLAHOMA, USA.
 
 
 TITLE OF CURRENT TOPAZ APPLICATION:
 
  DATE: 23 AUGUST 1999        DEDNM VERSION 3.1
  APPLICATION FOR TESTING AND VERIFICATION; INPUT FILE "VARIABLE".
  TESTING AND CALIBRATION.
 
 
 
 TABLE OF RASTER-NETWORK SUBCATCHMENT CELL-TO-CHANNEL SLOPE INFORMATION AS
 COMPUTED BY PROGRAM PARAM
 
 
FOR FULL DEFINITIONS OF EACH SLOPE ALTERNATIVE SEE DEFINITIONS AT THE
BOTTOM OF THE FILE.
 
 NODE  NODE    NODE X          SLOPE          X          SLOPE          X         SLOPE
  CNT  ORDER    #   X     ALTERNATIVE ONE     X    ALTERNATIVE TWO      X    ALTERNATIVE THREE
--------------------X-------------------------X-------------------------X-----------------------
    1    2      3   X    4       5       6    X    7       8       9    X   10      11      12
--------------------X-------------------------X-------------------------X-----------------------
    1     1     17  X  0.0499  0.1667  0.1035 X  0.0506  0.1667  0.1057 X  0.0449  0.1667  0.0980
    2     1     11  X  0.0729  0.1204  0.1043 X  0.0766  0.1204  0.1044 X  0.0622  0.1000  0.0812
    3     1     13  X  0.1010  0.1847  0.1885 X  0.1046  0.1847  0.1885 X  0.0931  0.1647  0.1685
    4     1     16  X  0.1017  0.1569  0.1331 X  0.1042  0.1571  0.1342 X  0.0862  0.1543  0.1228
    5     1     12  X  0.0786  0.0000  0.0000 X  0.0833  0.0000  0.0000 X  0.0664  0.0000  0.0000
    6     1     10  X  0.0816  0.0905  0.1101 X  0.0833  0.0905  0.1101 X  0.0770  0.0692  0.0864
    7     1     19  X  0.0537  0.1667  0.1667 X  0.0523  0.1667  0.1667 X  0.0452  0.1667  0.1667
    8     1      5  X  0.1165  0.2333  0.1917 X  0.1218  0.2333  0.1917 X  0.0950  0.2333  0.1719
    9     1      3  X  0.0000  0.1495  0.2333 X  0.0000  0.1514  0.2333 X  0.0000  0.1211  0.2333
   10     1     20  X  0.0765  0.1667  0.1069 X  0.0802  0.1667  0.1069 X  0.0604  0.1667  0.0833
   11     2     15  X -1.0000  0.1371  0.1726 X -1.0000  0.1405  0.1743 X -1.0000  0.1203  0.1607
   12     2      9  X -1.0000  0.1292  0.1394 X -1.0000  0.1292  0.1394 X -1.0000  0.1067  0.1158
   13     2      8  X -1.0000  0.1545  0.1758 X -1.0000  0.1578  0.1790 X -1.0000  0.1274  0.1595
   14     2      7  X -1.0000  0.2333  0.0000 X -1.0000  0.2333  0.0000 X -1.0000  0.2333  0.0000
   15     2     18  X -1.0000  0.2000  0.1246 X -1.0000  0.2000  0.1246 X -1.0000  0.2000  0.0974
   16     3     14  X -1.0000  0.1785  0.0937 X -1.0000  0.1826  0.0961 X -1.0000  0.1609  0.0657
   17     3      6  X -1.0000  0.2333  0.2333 X -1.0000  0.2333  0.2333 X -1.0000  0.2333  0.2333
   18     3      4  X -1.0000  0.2667  0.1778 X -1.0000  0.2667  0.1778 X -1.0000  0.2667  0.1481
   19     3      2  X -1.0000  0.2133  0.1538 X -1.0000  0.2133  0.1538 X -1.0000  0.1905  0.1195
   20     3      1  X -1.0000 -1.0000 -1.0000 X -1.0000 -1.0000 -1.0000 X -1.0000 -1.0000 -1.0000
   -1
 
 THE FOLLOWING IS A LIST OF DEFINITIONS CORRESPONDING TO THE COLUMN NUMBERS
 IN THE TABLE.
 
 ** SLOPE ALTERNATIVE ONE
 SLOPE ALTERNATIVE ONE (COL 4, 5, 6) CORRESPONDS TO THE MEAN CELL-TO-CHANNEL
 SLOPE WHERE THE CELL-TO-CHANNEL SLOPE IS CALCULATED BY SUMMING THE FLOW
 VECTORS ALONG THE FLOW PATHS FROM THE CELL TO THE CHANNEL DIVIDED BY THE
 NUMBER OF CELLS.
 
 ** SLOPE ALTERNATIVE TWO
 SLOPE ALTERNATIVE TWO (COL 7, 8, 9) CORRESPONDS TO THE MEAN CELL-TO-CHANNEL
 SLOPE WHERE CELL TO CHANNEL SLOPE IS CALCULATED BY THE ELEVATION DROP FROM
 EACH CELL TO CHANNEL DIVIDED BY THE DISTANCE FROM CELL-TO-CHANNEL
 
 ** SLOPE ALTERNATIVE THREE
 SLOPE ALTERNATIVE THREE (COL 10, 11, 12) CORRESPONDS TO THE MEAN CELL-TO-CHANNEL
 SLOPE CALCULATED AS THE MEAN ELEVATION DROP OF ALL CELL-TO-CHANNEL ELEVATION DROPS
 DROPS, DIVIDED BY THE MEAN DISTANCE OF ALL CELL-TO-CHANNEL FLOW PATHS.
 
 1.  NODE (ALSO SUBCATCHMENT) COUNTER.
 2.  STRAHLER ORDER OF THE CHANNEL LINK INTO WHICH THE SUBCATCHMENT DRAINS.
 3.  NODE INDEX NUMBER.
 4.  MEAN CELL-TO-CHANNEL (ALTERNATIVE ONE) SLOPE OF THE SOURCE SUBCATCHMENT.
 5.  MEAN CELL-TO-CHANNEL (ALTERNATIVE ONE) SLOPE OF THE RIGHT SUBCATCHMENT.
 6.  MEAN CELL-TO-CHANNEL (ALTERNATIVE ONE) SLOPE OF THE LEFT SUBCATCHMENT.
 7.  MEAN OF ALL CELL-TO-CHANNEL (ALTERNATIVE TWO) SLOPES FOR THE SOURCE SUBCATCHMENT.
 8.  MEAN OF ALL CELL-TO-CHANNEL (ALTERNATIVE TWO) SLOPES FOR THE RIGHT SUBCATCHMENT.
 9.  MEAN OF ALL CELL-TO-CHANNEL (ALTERNATIVE TWO) SLOPES FOR THE LEFT SUBCATCHMENT.
 10. MEAN OF ALL CELL-TO-CHANNEL (ALTERNATIVE THREE) SLOPES FOR THE SOURCE SUBCATCHMENT.
 11. MEAN OF ALL CELL-TO-CHANNEL (ALTERNATIVE THREE) SLOPES FOR THE RIGHT SUBCATCHMENT.
 12. MEAN OF ALL CELL-TO-CHANNEL (ALTERNATIVE THREE) SLOPES FOR THE LEFT SUBCATCHMENT.
 
 ** NOTE **
 
 - BECAUSE THERE MAY BE JUNCTIONS WITH MULTIPLE TRIBUTARIES, THE NUMBER
   OF SUBCATCHMENTS MAY BE SMALLER THAN THE THEORETICALLY EXPECTED NUMBER.
 
 - THE LAST LINE OF DATA DOES NOT REPRESENT A SUBCATCHMENT.
   IT REPRESENTS THE WATERSHED OUTLET CELL.
 
 - VALUE OF -1 INDICATES TERM NOT APPLICABLE.
