 ***** BEGINNING PROGRAM PARAM.
 ***** INITIALIZING AND READING GENERAL I/O.
 *** BEGINNING SBRT INPCNT.
 *** ENDING SBRT INPCNT.
 *** BEGINNING SBRT OUTITL.
 TOPAZ SOFTWARE: TOPOGRAPHIC PARAMETERIZATION SOFTWARE SYSTEM
                 VERSION 3.12, AUGUST 1999
 PROGRAM PARAM:  SUBCATCHMENT PARAMETERIZATION
                 VERSION 3.10, APRIL 1999
 
 J. GARBRECHT, USDA-ARS, EL RENO, OKLAHOMA, USA.
 L. MARTZ, UNIVERSITY OF SASKATCHEWAN, SASKATOON, CANADA.
 J. CAMPBELL, USDA-ARS, EL RENO, OKLAHOMA, USA.
 
 
 DISCLAIMER
 
 THIS PROGRAM AND ITS SUBROUTINES ARE ACCEPTED AND USED BY THE RECIPIENT UPON
 THE EXPRESS UNDERSTANDING THAT THE DEVELOPERS MAKE NO WARRANTIES, EXPRESSED
 OR IMPLIED, CONCERNING THE ACCURACY, COMPLETENESS, RELIABILITY OR
 SUITABILITY FOR ANY ONE PURPOSE, AND THAT THE DEVELOPERS SHALL BE UNDER NO
 LIABILITY TO ANY PERSON BY REASON OF ANY USE MADE THEREOF.
 
 THE SUBROUTINES IN THIS PROGRAM CANNOT BE LIFTED, EXTRACTED OR TRANSFERRED
 OUT OF THIS PROGRAM FOR USE WITH OTHER PROGRAMS OR OTHER PURPOSES BECAUSE
 INPUT VARIABLES INTO SUBROUTINES MUST HAVE BEEN PROCESSED AND ASSIGNED
 SPECIFIC VALUES BY PRECEDING SUBROUTINES THAT REFLECT PROGRAM, CODE AND
 TERRAIN SPECIFIC PARTICULARITIES.  THE USE OF A SUBROUTINE FOR OTHER PURPOSES
 THAN IN THIS PROGRAM MAY PRODUCE, AT BEST, INEXECUTABLE CODE, OR, AT WORST,
 ERRONEOUS RESULTS THAT GO UNRECOGNIZED.
 
 THE AUTHORS AND DEVELOPERS OF THIS PROGRAM AND ITS SUBROUTINES SHALL BE
 ACKNOWLEDGED WHEN THE CODE, THE MODEL AND/OR THE NUMERICAL SOLUTION
 TECHNIQUES USED HEREIN ARE DIRECTLY APPLIED IN CONJUNCTION WITH ANOTHER
 CODE, OR DESCRIBED AND/OR REFERRED TO IN A PUBLICATION OR PRESENTATION.
 
 
 
 
 TITLE OF CURRENT TOPAZ APPLICATION:
 
  DATE: 23 AUGUST 1999        DEDNM VERSION 3.1
  APPLICATION FOR TESTING AND VERIFICATION; INPUT FILE "VARIABLE".
  TESTING AND CALIBRATION.
 
 *** ENDING SBRT OUTITL.
 *** BEGINNING SBRT IOINIT.
 *** ENDING SBRT IOINIT.
 *** BEGINNING SBRT INPBAT.
 *** ENDING SBRT INPBAT.
 *** BEGINNING SBRT INPBAT.
     DEM RASTER PARAMETERS.
        NUMBER OF ROWS AND COLUMNS IN RASTER:     23     36
        SIZE OF A PIXEL SIDE IN METERS:      30.00
        MINIMUM AND MAXIMUM ELEVATION VALUES IN METERS:
                1.0000     9.0001
        USER PROVIDED INDETERMINATE ELEVATION VALUE:     0.0
        USER PROVIDED INDETERMINATE ELEVATION VALUE IN PROGRAM INTERNAL UNITS:
                    0
        INTERNAL INDETERMINATE ELEVATION VALUE AS ASSIGNED AND USED
        BY THE PROGRAM:   -400000
        STRAHLER ORDER OF THE DRAINAGE NETWORK:   3
     USER OPTIONS
        FOR ALL OF THE FOLLOWING OPTIONS:
          A VALUE OF  1  INDICATES THAT COMPUTATIONS ARE PERFORMED, OR
          A VALUE OF  0  INDICATES THAT COMPUTATIONS ARE NOT PERFORMED.
        WRITE USER INPUT OPTIONS TO PARAM.RPT: 1
        PROCESSING OF SUBCATCHMENT DATA: 1
     PROGRAM EXECUTION STATUS:  1  EXECUTED  0  NOT EXECUTED
        PROGRAM DEDNM:  1
        PROGRAM RASPRO: 1
        PROGRAM RASFOR: 1
        PROGRAM RASBIN: 1
        PROGRAM NSSTAT: 1
        PROGRAM PARAM:  1
 *** ENDING SBRT INPBAT.
 ***** CALCULATE SUBCATCHMENT AREA AND DISTANCE.
 === ALLOCATING ALL ARRAYS IN MODULE DTCHA1.
 *** BEGINNING SBRT IOCHA.
 *** ENDING SBRT IOCHA.
 === ALLOCATING ALL ARRAYS IN MODULE DTCAT1.
 *** BEGINNING SUBROUTINE IOCAT.
 *** ENDING SUBROUTINE IOCAT.
 *** BEGINNING SUBROUTINE CATARE.
 *** ENDING SUBROUTINE CATARE.
 === ALLOCATING NSBC ARRAY.
 *** BEGINNING SBRT RSTIO.
 *** ENDING SBRT RSTIO.
 === ALLOCATING IDSCHA ARRAY.
 *** BEGINNING SBRT RSTIO.
 *** ENDING SBRT RSTIO.
 *** BEGINNING SUBROUTINE DISMOM.
 *** ENDING SUBROUTINE DISMOM.
 === ALLOCATING IFLP ARRAY.
 *** BEGINNING SBRT RSTIO.
 *** ENDING SBRT RSTIO.
 *** BEGINNING SUBROUTINE MLENFP.
 *** BEGINNING SUBROUTINE MLENFP.
 === DEALLOCATING IDSCHA ARRAY.
 ***** CALCULATE SUBCATCHMENT SLOPE ALTERNATIVES.
 *** CALCULATE GLOBAL SUBCATCHMENT SLOPE.
 === ALLOCATING IFVS ARRAY.
 *** BEGINNING SBRT RSTIO.
 *** ENDING SBRT RSTIO.
 === ALLOCATING IEL ARRAY.
 *** BEGINNING SBRT RSTIO.
 *** ENDING SBRT RSTIO.
 === ALLOCATING IT2A ARRAY.
 *** BEGINNING SBRT RSTIO.
 *** ENDING SBRT RSTIO.
 *** BEGINNING SUBROUTINE SGLOB.
 === ALLOCATING IFV ARRAY.
 *** BEGINNING SBRT RSTIO.
 *** ENDING SBRT RSTIO.
 === ALLOCATING ICA ARRAY.
 *** BEGINNING SBRT RSTIO.
 *** ENDING SBRT RSTIO.
 *** ENDING SUBROUTINE SGLOB.
 === DEALLOCATING ICA ARRAY.
 === DEALLOCATING IFV ARRAY.
 === DEALLOCATING IT2A ARRAY.
 === DEALLOCATING IEL ARRAY.
 *** CALCULATE TOPOGRAPHIC SLOPE ALTERNATIVES.
 === ALLOCATING IHDS ARRAY.
 *** BEGINNING SBRT RSTIO.
 *** ENDING SBRT RSTIO.
 === ALLOCATING ITASL ARRAY.
 *** BEGINNING SBRT RSTIO.
 *** ENDING SBRT RSTIO.
 *** BEGINNING SUBROUTINE SLTOPO.
 *** ENDING SUBROUTINE SLTOPO.
 === DEALLOCATING IHDS ARRAY.
 === DEALLOCATING ITASL ARRAY.
 *** CALCULATE FLOW PATH AND CELL INTEGRATED SLOPE ALTERNATIVES.
 === ALLOCATING IFV ARRAY.
 *** BEGINNING SBRT RSTIO.
 *** ENDING SBRT RSTIO.
 === ALLOCATING NTW1 ARRAY.
 *** BEGINNING SBRT RSTIO.
 *** ENDING SBRT RSTIO.
 *** BEGINNING SUBROUTINE SINTFP.
 *** ENDING SUBROUTINE SINTFP.
 *** BEGINNING SUBROUTINE SINTCL.
 *** ENDING SUBROUTINE SINTCL.
 === DEALLOCATING NTW1 ARRAY.
 === DEALLOCATING IFV ARRAY.
 *** BEGINNING SUBROUTINE OTSBCA.
 *** ENDING SUBROUTINE OTSBCA.
 *** BEGINNING SUBROUTINE OTSBCL.
 *** ENDING SUBROUTINE OTSBCL.
 *** BEGINNING SUBROUTINE OTSBCS.
 *** ENDING SUBROUTINE OTSBCS.
 === ALLOCATING IDSCHA ARRAY.
 *** BEGINNING SBRT RSTIO.
 *** ENDING SBRT RSTIO.
 === ALLOCATING IDPCHA ARRAY.
 *** BEGINNING SBRT RSTIO.
 *** ENDING SBRT RSTIO.
 *** BEGINNING SUBROUTINE SLOPEA.
 *** ENDING SUBROUTINE SLOPEA.
 *** BEGINNING SUBROUTINE SLOPEB.
 *** ENDING SUBROUTINE SLOPEB.
 === DEALLOCATING IDPCHA ARRAY.
 === DEALLOCATING IDSCHA ARRAY.
 === DEALLOCATING IFVS ARRAY.
 *** BEGINNING SUBROUTINE OTSLFP.
 *** ENDING SUBROUTINE OTSLFP.
 *** BEGINNING SUBROUTINE OTSLCL.
 *** ENDING SUBROUTINE OTSLCL.
 *** BEGINNING SUBROUTINE OTLSTR.
 *** ENDING SUBROUTINE OTSLTR.
 === DEALLOCATING IFLP ARRAY.
 === DEALLOCATING NSBC ARRAY.
 *** BEGINNING SUBROUTINE IOCAT.
 *** ENDING SUBROUTINE IOCAT.
 === DE-ALLOCATING ALL ARRAYS IN MODULE DTCHA1.
 === DE-ALLOCATING ALL ARRAYS IN MODULE DTCAT1.
 *** BEGINNING SBRT OTCNT1.
 *** ENDING SBRT OTCNT1.
 ***** ENDING PROGRAM PARAM.
