 TOPAZ SOFTWARE: TOPOGRAPHIC PARAMETERIZATION SOFTWARE SYSTEM
 PROGRAM PARAM:  SUBCATCHMENT PARAMETERIZATION
                 VERSION 3.10, APRIL 1999
 
 J. GARBRECHT, USDA-ARS, EL RENO, OKLAHOMA, USA.
 L. MARTZ, UNIVERSITY OF SASKATCHEWAN, SASKATOON, CANADA.
 J. CAMPBELL, USDA-ARS, EL RENO, OKLAHOMA, USA.
 
 
 TITLE OF CURRENT TOPAZ APPLICATION:
 
  DATE: 23 AUGUST 1999        DEDNM VERSION 3.1
  APPLICATION FOR TESTING AND VERIFICATION; INPUT FILE "VARIABLE".
  TESTING AND CALIBRATION.
 
 
 
 TABLE OF RASTER-NETWORK SUBCATCHMENT TOPOGRAPHIC SLOPE INFORMATION AS COMPUTED BY
 PROGRAM PARAM
 
 
 NODE  NODE    NODE X   SUBCATCHMENT MEAN     X    SUBCATCHMENT MEAN    X    SUBCATCHMENT MEAN
  CNT  ORDER    #   X    HYDRAULIC SLOPE      X      TERRAIN SLOPE      X    FLOW VECTOR SLOPE
--------------------X-------------------------X-------------------------X-----------------------
    1    2      3   X    4       5       6    X    7       8       9    X   10      11      12
--------------------X-------------------------X-------------------------X-----------------------
    1     1     17  X  0.1298  0.1667  0.1209 X  0.0844  0.0507  0.0847 X  0.1209  0.1667  0.1186
    2     1     11  X  0.0179  0.0630  0.0498 X  0.0096  0.0381  0.0291 X  0.0307  0.0833  0.0687
    3     1     13  X  0.0714  0.1037  0.1137 X  0.0372  0.0681  0.0695 X  0.0935  0.1361  0.1436
    4     1     16  X  0.0520  0.1569  0.1063 X  0.0210  0.0415  0.0543 X  0.0669  0.1569  0.1170
    5     1     12  X  0.0181  0.0769  0.0769 X  0.0073  0.0471  0.0471 X  0.0310  0.0000  0.0000
    6     1     10  X  0.0801  0.0265  0.0528 X  0.0601  0.0230  0.0332 X  0.0891  0.0455  0.0714
    7     1     19  X  0.1261  0.1667  0.1667 X  0.0703  0.0621  0.0614 X  0.1158  0.1667  0.1667
    8     1      5  X  0.0454  0.2333  0.1222 X  0.0202  0.1123  0.0645 X  0.0644  0.2333  0.1500
    9     1      3  X  0.0000  0.0628  0.2333 X  0.0000  0.0421  0.1113 X  0.0000  0.0927  0.2333
   10     1     20  X  0.0307  0.1667  0.0473 X  0.0128  0.0845  0.0333 X  0.0409  0.1667  0.0667
   11     2     15  X -1.0000  0.1000  0.1595 X -1.0000  0.0297  0.0402 X -1.0000  0.1122  0.1648
   12     2      9  X -1.0000  0.0467  0.0642 X -1.0000  0.0372  0.0458 X -1.0000  0.0750  0.0909
   13     2      8  X -1.0000  0.1171  0.1503 X -1.0000  0.0376  0.0504 X -1.0000  0.1309  0.1605
   14     2      7  X -1.0000  0.2333  0.0005 X -1.0000  0.0550  0.0389 X -1.0000  0.2333  0.0000
   15     2     18  X -1.0000  0.2000  0.0492 X -1.0000  0.0945  0.0367 X -1.0000  0.2000  0.0737
   16     3     14  X -1.0000  0.1442  0.0421 X -1.0000  0.0507  0.0151 X -1.0000  0.1579  0.0520
   17     3      6  X -1.0000  0.2333  0.2333 X -1.0000  0.0944  0.1267 X -1.0000  0.2333  0.2333
   18     3      4  X -1.0000  0.2667  0.0676 X -1.0000  0.1021  0.0522 X -1.0000  0.2667  0.1067
   19     3      2  X -1.0000  0.1244  0.0494 X -1.0000  0.0778  0.0410 X -1.0000  0.1600  0.0821
   20     3      1  X -1.0000 -1.0000 -1.0000 X -1.0000 -1.0000 -1.0000 X -1.0000 -1.0000 -1.0000
   -1
 
 THE FOLLOWING IS A LIST OF DEFINITIONS CORRESPONDING TO THE COLUMN NUMBERS
 IN THE TABLE.
 
 1.  NODE (ALSO SUBCATCHMENT) COUNTER.
 2.  STRAHLER ORDER OF THE CHANNEL LINK INTO WHICH THE SUBCATCHMENT DRAINS.
 3.  NODE INDEX NUMBER.
 4.  MEAN HYDRAULIC SLOPE OF THE SOURCE SUBCATCHMENT.
 5.  MEAN HYDRAULIC SLOPE OF THE RIGHT SUBCATCHMENT.
 6.  MEAN HYDRAULIC SLOPE OF THE LEFT SUBCATCHMENT.
 7.  MEAN TERRAIN SLOPE OF THE SOURCE SUBCATCHMENT.
 8.  MEAN TERRAIN SLOPE OF THE RIGHT SUBCATCHMENT.
 9.  MEAN TERRAIN SLOPE OF THE LEFT SUBCATCHMENT.
 10. MEAN FLOW VECTOR SLOPE OF THE SOURCE SUBCATCHMENT.
 11. MEAN FLOW VECTOR SLOPE OF THE RIGHT SUBCATCHMENT.
 12. MEAN FLOW VECTOR SLOPE OF THE LEFT SUBCATCHMENT.
 
 ** NOTE **
 
 - BECAUSE THERE MAY BE JUNCTIONS WITH MULTIPLE TRIBUTARIES, THE NUMBER
   OF SUBCATCHMENTS MAY BE SMALLER THAN THE THEORETICALLY EXPECTED NUMBER.
 
 - THE LAST LINE OF DATA DOES NOT REPRESENT A SUBCATCHMENT.
   IT REPRESENTS THE WATERSHED OUTLET CELL.
 
 - VALUE OF -1 INDICATES TERM NOT APPLICABLE.
